mode: set
github.com/victoraatb/clean-go/adapter/postgres/productrepository/create.go:10.104,26.16 4 1
github.com/victoraatb/clean-go/adapter/postgres/productrepository/create.go:26.16,28.3 1 1
github.com/victoraatb/clean-go/adapter/postgres/productrepository/create.go:29.2,29.22 1 1
github.com/victoraatb/clean-go/adapter/postgres/productrepository/fetch.go:11.104,25.2 6 1
github.com/victoraatb/clean-go/adapter/postgres/productrepository/fetch.go:25.2,31.17 2 1
github.com/victoraatb/clean-go/adapter/postgres/productrepository/fetch.go:31.17,33.4 1 1
github.com/victoraatb/clean-go/adapter/postgres/productrepository/fetch.go:35.3,35.19 1 1
github.com/victoraatb/clean-go/adapter/postgres/productrepository/fetch.go:35.19,46.4 3 1
github.com/victoraatb/clean-go/adapter/postgres/productrepository/fetch.go:48.2,50.17 2 1
github.com/victoraatb/clean-go/adapter/postgres/productrepository/fetch.go:50.17,52.4 1 1
github.com/victoraatb/clean-go/adapter/postgres/productrepository/fetch.go:54.2,57.8 1 1
github.com/victoraatb/clean-go/adapter/postgres/productrepository/new.go:12.62,16.2 1 1
github.com/victoraatb/clean-go/core/dto/pagination.go:18.95,30.2 4 1
github.com/victoraatb/clean-go/core/dto/product.go:15.82,17.76 2 1
github.com/victoraatb/clean-go/core/dto/product.go:17.76,19.3 1 1
github.com/victoraatb/clean-go/core/dto/product.go:20.2,20.35 1 1
github.com/victoraatb/clean-go/adapter/http/productservice/create.go:10.84,12.16 2 1
github.com/victoraatb/clean-go/adapter/http/productservice/create.go:12.16,16.3 3 1
github.com/victoraatb/clean-go/adapter/http/productservice/create.go:18.2,20.16 2 1
github.com/victoraatb/clean-go/adapter/http/productservice/create.go:20.16,24.3 3 1
github.com/victoraatb/clean-go/adapter/http/productservice/create.go:26.2,26.43 1 1
github.com/victoraatb/clean-go/adapter/http/productservice/fetch.go:10.83,14.16 3 1
github.com/victoraatb/clean-go/adapter/http/productservice/fetch.go:14.16,18.3 3 1
github.com/victoraatb/clean-go/adapter/http/productservice/fetch.go:20.2,20.44 1 1
github.com/victoraatb/clean-go/adapter/http/productservice/new.go:9.63,13.2 1 1
github.com/victoraatb/clean-go/core/domain/usecase/productusecase/create.go:8.98,10.16 2 1
github.com/victoraatb/clean-go/core/domain/usecase/productusecase/create.go:10.16,12.3 1 1
github.com/victoraatb/clean-go/core/domain/usecase/productusecase/create.go:13.2,13.21 1 1
github.com/victoraatb/clean-go/core/domain/usecase/productusecase/fetch.go:8.105,10.16 2 1
github.com/victoraatb/clean-go/core/domain/usecase/productusecase/fetch.go:10.16,12.3 1 1
github.com/victoraatb/clean-go/core/domain/usecase/productusecase/fetch.go:13.2,13.22 1 1
github.com/victoraatb/clean-go/core/domain/usecase/productusecase/new.go:9.69,13.2 1 1
